Using pre-set license
Built from '2020.3/release' branch; Version is '2020.3.12f1 (b3b2c6512326) revision 11776710'; Using compiler version '192528614'; Build Type 'Release'
OS: 'Windows 10 Home Single Language; OS build 19043.1165; Version 2009; 64bit' Language: 'tr' Physical Memory: 7613 MB
BatchMode: 1, IsHumanControllingUs: 0, StartBugReporterOnCrash: 0, Is64bit: 1, IsPro: 0

 COMMAND LINE ARGUMENTS:
C:\Program Files\Unity\Hub\Editor\2020.3.12f1\Editor\Unity.exe
-adb2
-batchMode
-noUpm
-name
AssetImportWorker0
-projectPath
C:/Users/yagiz/unity Projects/HealthRacer_2
-logFile
Logs/AssetImportWorker0.log
-srvPort
57077
Successfully changed project path to: C:/Users/yagiz/unity Projects/HealthRacer_2
C:/Users/yagiz/unity Projects/HealthRacer_2
Using Asset Import Pipeline V2.
Refreshing native plugins compatible for Editor in 48.27 ms, found 2 plugins.
Preloading 0 native plugins for Editor in 0.00 ms.
Initialize engine version: 2020.3.12f1 (b3b2c6512326)
[Subsystems] Discovering subsystems at path C:/Program Files/Unity/Hub/Editor/2020.3.12f1/Editor/Data/Resources/UnitySubsystems
[Subsystems] Discovering subsystems at path C:/Users/yagiz/unity Projects/HealthRacer_2/Assets
GfxDevice: creating device client; threaded=0
Direct3D:
    Version:  Direct3D 11.0 [level 11.1]
    Renderer: NVIDIA GeForce GTX 1650 (ID=0x1f91)
    Vendor:   
    VRAM:     3962 MB
    Driver:   27.21.14.6172
Initialize mono
Mono path[0] = 'C:/Program Files/Unity/Hub/Editor/2020.3.12f1/Editor/Data/Managed'
Mono path[1] = 'C:/Program Files/Unity/Hub/Editor/2020.3.12f1/Editor/Data/MonoBleedingEdge/lib/mono/unityjit'
Mono config path = 'C:/Program Files/Unity/Hub/Editor/2020.3.12f1/Editor/Data/MonoBleedingEdge/etc'
Using monoOptions --debugger-agent=transport=dt_socket,embedding=1,server=y,suspend=n,address=127.0.0.1:56572
Begin MonoManager ReloadAssembly
Registering precompiled unity dll's ...
Register platform support module: C:/Program Files/Unity/Hub/Editor/2020.3.12f1/Editor/Data/PlaybackEngines/WebGLSupport/UnityEditor.WebGL.Extensions.dll
Register platform support module: C:/Program Files/Unity/Hub/Editor/2020.3.12f1/Editor/Data/PlaybackEngines/WindowsStandaloneSupport/UnityEditor.WindowsStandalone.Extensions.dll
Registered in 0.002881 seconds.
Native extension for WindowsStandalone target not found
Native extension for WebGL target not found
Refreshing native plugins compatible for Editor in 46.44 ms, found 2 plugins.
Preloading 0 native plugins for Editor in 0.00 ms.
Mono: successfully reloaded assembly
- Completed reload, in  3.889 seconds
Platform modules already initialized, skipping
Registering precompiled user dll's ...
Registered in 0.019931 seconds.
Begin MonoManager ReloadAssembly
Native extension for WindowsStandalone target not found
Native extension for WebGL target not found
Refreshing native plugins compatible for Editor in 0.54 ms, found 2 plugins.
Preloading 0 native plugins for Editor in 0.00 ms.
Mono: successfully reloaded assembly
- Completed reload, in  2.307 seconds
Platform modules already initialized, skipping
========================================================================
Worker process is ready to serve import requests
Launched and connected shader compiler UnityShaderCompiler.exe after 0.05 seconds
Refreshing native plugins compatible for Editor in 0.73 ms, found 2 plugins.
Preloading 0 native plugins for Editor in 0.00 ms.
Unloading 1915 Unused Serialized files (Serialized files now loaded: 0)
System memory in use before: 94.9 MB.
System memory in use after: 94.9 MB.

Unloading 32 unused Assets to reduce memory usage. Loaded Objects now: 2383.
Total: 3.033800 ms (FindLiveObjects: 0.240500 ms CreateObjectMapping: 0.089200 ms MarkObjects: 2.564600 ms  DeleteObjects: 0.137700 ms)

AssetImportParameters requested are different than current active one (requested -> active):
  custom:framework-win-MediaFoundation: 216162199b28c13a410421893ffa2e32 -> 
  custom:video-decoder-ogg-theora: a1e56fd34408186e4bbccfd4996cb3dc -> 
  custom:container-muxer-webm: aa71ff27fc2769a1b78a27578f13a17b -> 
  custom:container-demuxer-webm: 4f35f7cbe854078d1ac9338744f61a02 -> 
  custom:container-demuxer-ogg: 62fdf1f143b41e24485cea50d1cbac27 -> 
  custom:video-encoder-webm-vp8: eb34c28f22e8b96e1ab97ce403110664 -> 
  custom:video-decoder-webm-vp8: 9c59270c3fd7afecdb556c50c9e8de78 -> 
  custom:audio-decoder-ogg-vorbis: bf7c407c2cedff20999df2af8eb42d56 -> 
  custom:audio-encoder-webm-vorbis: bf7c407c2cedff20999df2af8eb42d56 -> 
========================================================================
Received Import Request.
  path: Assets/Scripts/HealthRacer
  artifactKey: Guid(483c25251c80dd24e848a1eafe388564) Importer(815301076,1909f56bfc062723c751e8b465ee728b)
Start importing Assets/Scripts/HealthRacer using Guid(483c25251c80dd24e848a1eafe388564) Importer(815301076,1909f56bfc062723c751e8b465ee728b)  -> (artifact id: 'c65297ecf4f2fa636d338c455ad693ea') in 0.012096 seconds 
  Import took 0.015981 seconds .

========================================================================
Received Import Request.
  Time since last request: 0.000539 seconds.
  path: Assets/Scenes/Levels/HealthRacer/HealthRacer.unity
  artifactKey: Guid(376f90d528cac6a44a46bbd1a54b6d45) Importer(815301076,1909f56bfc062723c751e8b465ee728b)
Start importing Assets/Scenes/Levels/HealthRacer/HealthRacer.unity using Guid(376f90d528cac6a44a46bbd1a54b6d45) Importer(815301076,1909f56bfc062723c751e8b465ee728b)  -> (artifact id: '5cf377c888d12cdd820d98fb38053777') in 0.017712 seconds 
  Import took 0.022222 seconds .

========================================================================
Received Import Request.
  Time since last request: 0.961571 seconds.
  path: Assets/Scenes/Levels/HealthRacer/HealthRacer 1.unity
  artifactKey: Guid(a0a4542b4eed1ad429a09c9578553110) Importer(815301076,1909f56bfc062723c751e8b465ee728b)
Start importing Assets/Scenes/Levels/HealthRacer/HealthRacer 1.unity using Guid(a0a4542b4eed1ad429a09c9578553110) Importer(815301076,1909f56bfc062723c751e8b465ee728b)  -> (artifact id: 'e4afa63c8c87425e725e6109ac4f33b3') in 0.009071 seconds 
  Import took 0.012923 seconds .

========================================================================
Received Import Request.
  Time since last request: 5.090788 seconds.
  path: Assets/Scenes/Levels/HealthRacer/Posing.unity
  artifactKey: Guid(a0a4542b4eed1ad429a09c9578553110) Importer(815301076,1909f56bfc062723c751e8b465ee728b)
Start importing Assets/Scenes/Levels/HealthRacer/Posing.unity using Guid(a0a4542b4eed1ad429a09c9578553110) Importer(815301076,1909f56bfc062723c751e8b465ee728b)  -> (artifact id: '61c0d49dd9f134f2aea8e090044d1bee') in 0.010127 seconds 
  Import took 0.014885 seconds .

========================================================================
Received Prepare
Registering precompiled user dll's ...
Registered in 0.016015 seconds.
Begin MonoManager ReloadAssembly
Native extension for WindowsStandalone target not found
Native extension for WebGL target not found
Refreshing native plugins compatible for Editor in 0.58 ms, found 2 plugins.
Preloading 0 native plugins for Editor in 0.00 ms.
Mono: successfully reloaded assembly
- Completed reload, in  1.691 seconds
Platform modules already initialized, skipping
Refreshing native plugins compatible for Editor in 0.74 ms, found 2 plugins.
Preloading 0 native plugins for Editor in 0.00 ms.
Unloading 1906 Unused Serialized files (Serialized files now loaded: 0)
System memory in use before: 100.3 MB.
System memory in use after: 100.3 MB.

Unloading 27 unused Assets to reduce memory usage. Loaded Objects now: 2386.
Total: 2.519500 ms (FindLiveObjects: 0.209100 ms CreateObjectMapping: 0.046800 ms MarkObjects: 2.173900 ms  DeleteObjects: 0.088300 ms)

AssetImportParameters requested are different than current active one (requested -> active):
  custom:framework-win-MediaFoundation: 216162199b28c13a410421893ffa2e32 -> 
  custom:video-decoder-ogg-theora: a1e56fd34408186e4bbccfd4996cb3dc -> 
  custom:container-muxer-webm: aa71ff27fc2769a1b78a27578f13a17b -> 
  custom:container-demuxer-webm: 4f35f7cbe854078d1ac9338744f61a02 -> 
  custom:container-demuxer-ogg: 62fdf1f143b41e24485cea50d1cbac27 -> 
  custom:video-encoder-webm-vp8: eb34c28f22e8b96e1ab97ce403110664 -> 
  custom:video-decoder-webm-vp8: 9c59270c3fd7afecdb556c50c9e8de78 -> 
  custom:audio-decoder-ogg-vorbis: bf7c407c2cedff20999df2af8eb42d56 -> 
  custom:audio-encoder-webm-vorbis: bf7c407c2cedff20999df2af8eb42d56 -> 
========================================================================
Received Prepare
Registering precompiled user dll's ...
Registered in 0.013240 seconds.
Begin MonoManager ReloadAssembly
Native extension for WindowsStandalone target not found
Native extension for WebGL target not found
Refreshing native plugins compatible for Editor in 0.81 ms, found 2 plugins.
Preloading 0 native plugins for Editor in 0.00 ms.
Mono: successfully reloaded assembly
- Completed reload, in  1.781 seconds
Platform modules already initialized, skipping
Refreshing native plugins compatible for Editor in 0.96 ms, found 2 plugins.
Preloading 0 native plugins for Editor in 0.00 ms.
Unloading 1906 Unused Serialized files (Serialized files now loaded: 0)
System memory in use before: 100.3 MB.
System memory in use after: 100.4 MB.

Unloading 27 unused Assets to reduce memory usage. Loaded Objects now: 2389.
Total: 3.770500 ms (FindLiveObjects: 0.308100 ms CreateObjectMapping: 0.488800 ms MarkObjects: 2.883900 ms  DeleteObjects: 0.088200 ms)

AssetImportParameters requested are different than current active one (requested -> active):
  custom:framework-win-MediaFoundation: 216162199b28c13a410421893ffa2e32 -> 
  custom:video-decoder-ogg-theora: a1e56fd34408186e4bbccfd4996cb3dc -> 
  custom:container-muxer-webm: aa71ff27fc2769a1b78a27578f13a17b -> 
  custom:container-demuxer-webm: 4f35f7cbe854078d1ac9338744f61a02 -> 
  custom:container-demuxer-ogg: 62fdf1f143b41e24485cea50d1cbac27 -> 
  custom:video-encoder-webm-vp8: eb34c28f22e8b96e1ab97ce403110664 -> 
  custom:video-decoder-webm-vp8: 9c59270c3fd7afecdb556c50c9e8de78 -> 
  custom:audio-decoder-ogg-vorbis: bf7c407c2cedff20999df2af8eb42d56 -> 
  custom:audio-encoder-webm-vorbis: bf7c407c2cedff20999df2af8eb42d56 -> 
========================================================================
Received Import Request.
  Time since last request: 528.066900 seconds.
  path: Assets/Prefabs/Games
  artifactKey: Guid(1927b661ffa86464088eef11b5cad1e1) Importer(815301076,1909f56bfc062723c751e8b465ee728b)
Start importing Assets/Prefabs/Games using Guid(1927b661ffa86464088eef11b5cad1e1) Importer(815301076,1909f56bfc062723c751e8b465ee728b)  -> (artifact id: '527a8a168d18e803ac6e93ce0dfe8523') in 0.012841 seconds 
  Import took 0.017792 seconds .

========================================================================
Received Import Request.
  Time since last request: 0.000640 seconds.
  path: Assets/Prefabs/Games
  artifactKey: Guid(1927b661ffa86464088eef11b5cad1e1) Importer(815301076,1909f56bfc062723c751e8b465ee728b)
Start importing Assets/Prefabs/Games using Guid(1927b661ffa86464088eef11b5cad1e1) Importer(815301076,1909f56bfc062723c751e8b465ee728b)  -> (artifact id: '527a8a168d18e803ac6e93ce0dfe8523') in 0.003137 seconds 
  Import took 0.006574 seconds .

========================================================================
Received Import Request.
  Time since last request: 0.400319 seconds.
  path: Assets/Prefabs/UI
  artifactKey: Guid(6dce590d0e3940d4bb73c1fe21fdf0c6) Importer(815301076,1909f56bfc062723c751e8b465ee728b)
Start importing Assets/Prefabs/UI using Guid(6dce590d0e3940d4bb73c1fe21fdf0c6) Importer(815301076,1909f56bfc062723c751e8b465ee728b)  -> (artifact id: '8ecb7bf7a4f54c4a4a881b26e11d9023') in 0.009225 seconds 
  Import took 0.013362 seconds .

========================================================================
Received Import Request.
  Time since last request: 5.297456 seconds.
  path: Assets/Prefabs/Games/GamePlay
  artifactKey: Guid(0047e1f3c321b8b4aa9e7d9d61e12df4) Importer(815301076,1909f56bfc062723c751e8b465ee728b)
Start importing Assets/Prefabs/Games/GamePlay using Guid(0047e1f3c321b8b4aa9e7d9d61e12df4) Importer(815301076,1909f56bfc062723c751e8b465ee728b)  -> (artifact id: 'c9ef89579b194297f0c585e1ccf0c2c9') in 0.010551 seconds 
  Import took 0.014682 seconds .

========================================================================
Received Import Request.
  Time since last request: 0.000823 seconds.
  path: Assets/Prefabs/Games/GamePlay
  artifactKey: Guid(0047e1f3c321b8b4aa9e7d9d61e12df4) Importer(815301076,1909f56bfc062723c751e8b465ee728b)
Start importing Assets/Prefabs/Games/GamePlay using Guid(0047e1f3c321b8b4aa9e7d9d61e12df4) Importer(815301076,1909f56bfc062723c751e8b465ee728b)  -> (artifact id: 'c9ef89579b194297f0c585e1ccf0c2c9') in 0.003314 seconds 
  Import took 0.007023 seconds .

========================================================================
Received Import Request.
  Time since last request: 1.091925 seconds.
  path: Assets/Prefabs/Games/GamePlay/ExampleFoodObject.prefab
  artifactKey: Guid(d875a8f77c1df654184f0af6166ec23a) Importer(815301076,1909f56bfc062723c751e8b465ee728b)
Start importing Assets/Prefabs/Games/GamePlay/ExampleFoodObject.prefab using Guid(d875a8f77c1df654184f0af6166ec23a) Importer(815301076,1909f56bfc062723c751e8b465ee728b)  -> (artifact id: 'd9ccbdb9c36c77661834ab1b7a2648ff') in 0.152283 seconds 
  Import took 0.156026 seconds .

========================================================================
Received Prepare
Registering precompiled user dll's ...
Registered in 0.012501 seconds.
Begin MonoManager ReloadAssembly
Native extension for WindowsStandalone target not found
Native extension for WebGL target not found
Refreshing native plugins compatible for Editor in 0.56 ms, found 2 plugins.
Preloading 0 native plugins for Editor in 0.00 ms.
Mono: successfully reloaded assembly
- Completed reload, in  1.398 seconds
Platform modules already initialized, skipping
Refreshing native plugins compatible for Editor in 0.55 ms, found 2 plugins.
Preloading 0 native plugins for Editor in 0.00 ms.
Unloading 1906 Unused Serialized files (Serialized files now loaded: 0)
System memory in use before: 109.0 MB.
System memory in use after: 109.1 MB.

Unloading 29 unused Assets to reduce memory usage. Loaded Objects now: 2399.
Total: 2.998400 ms (FindLiveObjects: 0.233000 ms CreateObjectMapping: 0.055700 ms MarkObjects: 2.603900 ms  DeleteObjects: 0.104100 ms)

AssetImportParameters requested are different than current active one (requested -> active):
  custom:framework-win-MediaFoundation: 216162199b28c13a410421893ffa2e32 -> 
  custom:video-decoder-ogg-theora: a1e56fd34408186e4bbccfd4996cb3dc -> 
  custom:container-muxer-webm: aa71ff27fc2769a1b78a27578f13a17b -> 
  custom:container-demuxer-webm: 4f35f7cbe854078d1ac9338744f61a02 -> 
  custom:container-demuxer-ogg: 62fdf1f143b41e24485cea50d1cbac27 -> 
  custom:video-encoder-webm-vp8: eb34c28f22e8b96e1ab97ce403110664 -> 
  custom:video-decoder-webm-vp8: 9c59270c3fd7afecdb556c50c9e8de78 -> 
  custom:audio-decoder-ogg-vorbis: bf7c407c2cedff20999df2af8eb42d56 -> 
  custom:audio-encoder-webm-vorbis: bf7c407c2cedff20999df2af8eb42d56 -> 
========================================================================
Received Import Request.
  Time since last request: 80.724018 seconds.
  path: Assets/Scenes/Levels/HealthRacer/Posing.unity
  artifactKey: Guid(a0a4542b4eed1ad429a09c9578553110) Importer(815301076,1909f56bfc062723c751e8b465ee728b)
Start importing Assets/Scenes/Levels/HealthRacer/Posing.unity using Guid(a0a4542b4eed1ad429a09c9578553110) Importer(815301076,1909f56bfc062723c751e8b465ee728b)  -> (artifact id: 'c1b3a2e5f757dacded612a6181a9167a') in 0.016952 seconds 
  Import took 0.021778 seconds .

========================================================================
Received Prepare
Registering precompiled user dll's ...
Registered in 0.012712 seconds.
Begin MonoManager ReloadAssembly
Native extension for WindowsStandalone target not found
Native extension for WebGL target not found
Refreshing native plugins compatible for Editor in 0.85 ms, found 2 plugins.
Preloading 0 native plugins for Editor in 0.00 ms.
Mono: successfully reloaded assembly
- Completed reload, in  2.188 seconds
Platform modules already initialized, skipping
Refreshing native plugins compatible for Editor in 0.86 ms, found 2 plugins.
Preloading 0 native plugins for Editor in 0.00 ms.
Unloading 1906 Unused Serialized files (Serialized files now loaded: 0)
System memory in use before: 109.0 MB.
System memory in use after: 109.1 MB.

Unloading 27 unused Assets to reduce memory usage. Loaded Objects now: 2402.
Total: 4.037800 ms (FindLiveObjects: 0.350700 ms CreateObjectMapping: 0.066900 ms MarkObjects: 3.519300 ms  DeleteObjects: 0.099000 ms)

AssetImportParameters requested are different than current active one (requested -> active):
  custom:framework-win-MediaFoundation: 216162199b28c13a410421893ffa2e32 -> 
  custom:video-decoder-ogg-theora: a1e56fd34408186e4bbccfd4996cb3dc -> 
  custom:container-muxer-webm: aa71ff27fc2769a1b78a27578f13a17b -> 
  custom:container-demuxer-webm: 4f35f7cbe854078d1ac9338744f61a02 -> 
  custom:container-demuxer-ogg: 62fdf1f143b41e24485cea50d1cbac27 -> 
  custom:video-encoder-webm-vp8: eb34c28f22e8b96e1ab97ce403110664 -> 
  custom:video-decoder-webm-vp8: 9c59270c3fd7afecdb556c50c9e8de78 -> 
  custom:audio-decoder-ogg-vorbis: bf7c407c2cedff20999df2af8eb42d56 -> 
  custom:audio-encoder-webm-vorbis: bf7c407c2cedff20999df2af8eb42d56 -> 
========================================================================
Received Import Request.
  Time since last request: 291.227844 seconds.
  path: Assets/Sprites
  artifactKey: Guid(f75ccf47377f172469ae361d0f86b341) Importer(815301076,1909f56bfc062723c751e8b465ee728b)
Start importing Assets/Sprites using Guid(f75ccf47377f172469ae361d0f86b341) Importer(815301076,1909f56bfc062723c751e8b465ee728b)  -> (artifact id: '79710bacbccccf037a990006d762e9c3') in 0.016556 seconds 
  Import took 0.021955 seconds .

========================================================================
Received Import Request.
  Time since last request: 1.115050 seconds.
  path: Assets/Sprites/Build
  artifactKey: Guid(d42c73c4406dfbe469b70a9b7aecc75b) Importer(815301076,1909f56bfc062723c751e8b465ee728b)
Start importing Assets/Sprites/Build using Guid(d42c73c4406dfbe469b70a9b7aecc75b) Importer(815301076,1909f56bfc062723c751e8b465ee728b)  -> (artifact id: '1617cb240915f234ee68245bc16b8069') in 0.009178 seconds 
  Import took 0.013390 seconds .

========================================================================
Received Import Request.
  Time since last request: 1.965483 seconds.
  path: Assets/Sprites/Build/BuildBG.png
  artifactKey: Guid(33d017586bd051f48995e51b1599c33b) Importer(815301076,1909f56bfc062723c751e8b465ee728b)
Start importing Assets/Sprites/Build/BuildBG.png using Guid(33d017586bd051f48995e51b1599c33b) Importer(815301076,1909f56bfc062723c751e8b465ee728b)  -> (artifact id: '78e7801fb2dcaa4f206a42a48c31fc11') in 0.084088 seconds 
  Import took 0.087921 seconds .

========================================================================
Received Import Request.
  Time since last request: 2.995366 seconds.
  path: Assets/Sprites/Build/BuildBG.png
  artifactKey: Guid(33d017586bd051f48995e51b1599c33b) Importer(815301076,1909f56bfc062723c751e8b465ee728b)
Start importing Assets/Sprites/Build/BuildBG.png using Guid(33d017586bd051f48995e51b1599c33b) Importer(815301076,1909f56bfc062723c751e8b465ee728b)  -> (artifact id: 'e4c62abd3a4440c41b82810b64ba168a') in 0.041462 seconds 
  Import took 0.045879 seconds .

========================================================================
Received Prepare
Refreshing native plugins compatible for Editor in 9.05 ms, found 2 plugins.
Preloading 0 native plugins for Editor in 0.00 ms.
Unloading 25 Unused Serialized files (Serialized files now loaded: 0)
System memory in use before: 60.7 MB.
System memory in use after: 60.8 MB.

Unloading 25 unused Assets to reduce memory usage. Loaded Objects now: 2407.
Total: 4.147700 ms (FindLiveObjects: 0.227100 ms CreateObjectMapping: 0.051100 ms MarkObjects: 3.744900 ms  DeleteObjects: 0.123300 ms)

AssetImportParameters requested are different than current active one (requested -> active):
  custom:framework-win-MediaFoundation: 216162199b28c13a410421893ffa2e32 -> 
  custom:video-decoder-ogg-theora: a1e56fd34408186e4bbccfd4996cb3dc -> 
  custom:container-muxer-webm: aa71ff27fc2769a1b78a27578f13a17b -> 
  custom:container-demuxer-webm: 4f35f7cbe854078d1ac9338744f61a02 -> 
  custom:container-demuxer-ogg: 62fdf1f143b41e24485cea50d1cbac27 -> 
  custom:video-encoder-webm-vp8: eb34c28f22e8b96e1ab97ce403110664 -> 
  custom:video-decoder-webm-vp8: 9c59270c3fd7afecdb556c50c9e8de78 -> 
  custom:audio-decoder-ogg-vorbis: bf7c407c2cedff20999df2af8eb42d56 -> 
  custom:audio-encoder-webm-vorbis: bf7c407c2cedff20999df2af8eb42d56 -> 
AssetImportWorkerClient::OnTransportError - code=2 error=End of file
